<?xml version="1.0" encoding="UTF-8"?>
<testsuite name="SubscriptionServiceTests" tests="3" skipped="0" failures="2" errors="0" timestamp="2025-05-23T20:08:42.730Z" hostname="DESKTOP-QL4QOT8" time="5.995">
  <properties/>
  <testcase name="saveSubscriptionsTenantWithInvoice_createsInvoiceAndSubscriptionSuccessfully()" classname="SubscriptionServiceTests" time="0.465">
    <failure message="org.mockito.exceptions.misusing.WrongTypeOfReturnValue: &#10;Tenant cannot be returned by findByIdWithUser()&#10;findByIdWithUser() should return Optional&#10;***&#10;If you're unsure why you're getting above error read on.&#10;Due to the nature of the syntax above problem might occur because:&#10;1. This exception *might* occur in wrongly written multi-threaded tests.&#10;   Please refer to Mockito FAQ on limitations of concurrency testing.&#10;2. A spy is stubbed using when(spy.foo()).then() syntax. It is safer to stub spies - &#10;   - with doReturn|Throw() family of methods. More in javadocs for Mockito.spy() method.&#10;" type="org.mockito.exceptions.misusing.WrongTypeOfReturnValue">org.mockito.exceptions.misusing.WrongTypeOfReturnValue: 
Tenant cannot be returned by findByIdWithUser()
findByIdWithUser() should return Optional
***
If you're unsure why you're getting above error read on.
Due to the nature of the syntax above problem might occur because:
1. This exception *might* occur in wrongly written multi-threaded tests.
   Please refer to Mockito FAQ on limitations of concurrency testing.
2. A spy is stubbed using when(spy.foo()).then() syntax. It is safer to stub spies - 
   - with doReturn|Throw() family of methods. More in javadocs for Mockito.spy() method.

	at app//SubscriptionServiceTests.saveSubscriptionsTenantWithInvoice_createsInvoiceAndSubscriptionSuccessfully(SuscriptionServiceTests.kt:118)
	at java.base@21.0.6/java.lang.reflect.Method.invoke(Method.java:580)
	at java.base@21.0.6/java.util.ArrayList.forEach(ArrayList.java:1596)
	at java.base@21.0.6/java.util.ArrayList.forEach(ArrayList.java:1596)
</failure>
  </testcase>
  <testcase name="saveSubscriptionsTenantWithInvoice_throwsExceptionWhenServiceNotFound()" classname="SubscriptionServiceTests" time="5.499">
    <failure message="org.opentest4j.AssertionFailedError: Unexpected exception type thrown, expected: &lt;java.lang.IllegalArgumentException&gt; but was: &lt;java.lang.NullPointerException&gt;" type="org.opentest4j.AssertionFailedError">org.opentest4j.AssertionFailedError: Unexpected exception type thrown, expected: &lt;java.lang.IllegalArgumentException&gt; but was: &lt;java.lang.NullPointerException&gt;
	at app//org.junit.jupiter.api.AssertionFailureBuilder.build(AssertionFailureBuilder.java:151)
	at app//org.junit.jupiter.api.AssertThrows.assertThrows(AssertThrows.java:67)
	at app//org.junit.jupiter.api.AssertThrows.assertThrows(AssertThrows.java:35)
	at app//org.junit.jupiter.api.Assertions.assertThrows(Assertions.java:3128)
	at app//SubscriptionServiceTests.saveSubscriptionsTenantWithInvoice_throwsExceptionWhenServiceNotFound(SuscriptionServiceTests.kt:165)
	at java.base@21.0.6/java.lang.reflect.Method.invoke(Method.java:580)
	at java.base@21.0.6/java.util.ArrayList.forEach(ArrayList.java:1596)
	at java.base@21.0.6/java.util.ArrayList.forEach(ArrayList.java:1596)
Caused by: java.lang.NullPointerException: save(...) must not be null
	at com.example.backend.services.SubscriptionService.saveSubscriptionsTenantWithInvoice(SubscriptionService.kt:479)
	at SubscriptionServiceTests.saveSubscriptionsTenantWithInvoice_throwsExceptionWhenServiceNotFound$lambda$6(SuscriptionServiceTests.kt:166)
	at org.junit.jupiter.api.AssertThrows.assertThrows(AssertThrows.java:53)
	... 6 more
</failure>
  </testcase>
  <testcase name="saveSubscriptionsTenantWithInvoice_throwsExceptionWhenTenantNotFound()" classname="SubscriptionServiceTests" time="0.01"/>
  <system-out><![CDATA[
  .   ____          _            __ _ _
 /\\ / ___'_ __ _ _(_)_ __  __ _ \ \ \ \
( ( )\___ | '_ | '_| | '_ \/ _` | \ \ \ \
 \\/  ___)| |_)| | | | | || (_| |  ) ) ) )
  '  |____| .__|_| |_|_| |_\__, | / / / /
 =========|_|==============|___/=/_/_/_/

 :: Spring Boot ::                (v3.4.4)

2025-05-23T21:08:19.093+01:00  INFO 18224 --- [backend] [    Test worker] SubscriptionServiceTests                 : Starting SubscriptionServiceTests using Java 21.0.6 with PID 18224 (started by User in C:\IdeaProjects\buildingGesh\backend)
2025-05-23T21:08:19.100+01:00  INFO 18224 --- [backend] [    Test worker] SubscriptionServiceTests                 : No active profile set, falling back to 1 default profile: "default"
2025-05-23T21:08:21.296+01:00  INFO 18224 --- [backend] [    Test worker] .s.d.r.c.RepositoryConfigurationDelegate : Bootstrapping Spring Data JPA repositories in DEFAULT mode.
2025-05-23T21:08:21.600+01:00  INFO 18224 --- [backend] [    Test worker] .s.d.r.c.RepositoryConfigurationDelegate : Finished Spring Data repository scanning in 268 ms. Found 22 JPA repository interfaces.
2025-05-23T21:08:23.335+01:00  INFO 18224 --- [backend] [    Test worker] o.hibernate.jpa.internal.util.LogHelper  : HHH000204: Processing PersistenceUnitInfo [name: default]
2025-05-23T21:08:23.489+01:00  INFO 18224 --- [backend] [    Test worker] org.hibernate.Version                    : HHH000412: Hibernate ORM core version 6.6.11.Final
2025-05-23T21:08:23.591+01:00  INFO 18224 --- [backend] [    Test worker] o.h.c.internal.RegionFactoryInitiator    : HHH000026: Second-level cache disabled
2025-05-23T21:08:24.574+01:00  INFO 18224 --- [backend] [    Test worker] o.s.o.j.p.SpringPersistenceUnitInfo      : No LoadTimeWeaver setup: ignoring JPA class transformer
2025-05-23T21:08:24.662+01:00  INFO 18224 --- [backend] [    Test worker] com.zaxxer.hikari.HikariDataSource       : HikariPool-1 - Starting...
2025-05-23T21:08:25.503+01:00  INFO 18224 --- [backend] [    Test worker] com.zaxxer.hikari.pool.HikariPool        : HikariPool-1 - Added connection com.mysql.cj.jdbc.ConnectionImpl@16890f00
2025-05-23T21:08:25.507+01:00  INFO 18224 --- [backend] [    Test worker] com.zaxxer.hikari.HikariDataSource       : HikariPool-1 - Start completed.
2025-05-23T21:08:25.739+01:00  INFO 18224 --- [backend] [    Test worker] org.hibernate.orm.connections.pooling    : HHH10001005: Database info:
	Database JDBC URL [Connecting through datasource 'HikariDataSource (HikariPool-1)']
	Database driver: undefined/unknown
	Database version: 8.0.30
	Autocommit mode: undefined/unknown
	Isolation level: undefined/unknown
	Minimum pool size: undefined/unknown
	Maximum pool size: undefined/unknown
2025-05-23T21:08:28.649+01:00  INFO 18224 --- [backend] [    Test worker] o.h.e.t.j.p.i.JtaPlatformInitiator       : HHH000489: No JTA platform available (set 'hibernate.transaction.jta.platform' to enable JTA platform integration)
Hibernate: alter table subscription_options modify column amount_due DECIMAL(10, 2) DEFAULT 0.00 not null
Hibernate: alter table subscription_services modify column amount_due DECIMAL(10, 2) DEFAULT 0.00 not null
Hibernate: alter table subscription_services modify column price DECIMAL(10, 2) DEFAULT 0.00 not null
2025-05-23T21:08:29.187+01:00  INFO 18224 --- [backend] [    Test worker] j.LocalContainerEntityManagerFactoryBean : Initialized JPA EntityManagerFactory for persistence unit 'default'
2025-05-23T21:08:31.206+01:00  INFO 18224 --- [backend] [    Test worker] r$InitializeUserDetailsManagerConfigurer : Global AuthenticationManager configured with UserDetailsService bean with name customUserDetailsService
2025-05-23T21:08:31.459+01:00  INFO 18224 --- [backend] [    Test worker] o.s.d.j.r.query.QueryEnhancerFactory     : Hibernate is in classpath; If applicable, HQL parser will be used.
2025-05-23T21:08:37.136+01:00  WARN 18224 --- [backend] [    Test worker] JpaBaseConfiguration$JpaWebConfiguration : spring.jpa.open-in-view is enabled by default. Therefore, database queries may be performed during view rendering. Explicitly configure spring.jpa.open-in-view to disable this warning
2025-05-23T21:08:39.246+01:00  INFO 18224 --- [backend] [    Test worker] SubscriptionServiceTests                 : Started SubscriptionServiceTests in 20.887 seconds (process running for 23.515)
getCurrentUserId authentication: null
Authentication is null or not authenticated.
Captured arguments: []
Hibernate: insert into audit_logs (action,arguments,created_date,exception,method_name,result,timestamp,updated_date,user_id) values (?,?,?,?,?,?,?,?,?)
Hibernate: select s1_0.id,s1_0.created_date,s1_0.end_date,s1_0.invoice_id,s1_0.modify_by,s1_0.start_date,s1_0.status,s1_0.subscript_number,s1_0.tenant_id,s1_0.total_price,s1_0.updated_date from subscriptions s1_0 where s1_0.end_date<? and s1_0.status<>?
Checked and updated expired subscriptions: 0
getCurrentUserId authentication: null
Authentication is null or not authenticated.
Hibernate: insert into audit_logs (action,arguments,created_date,exception,method_name,result,timestamp,updated_date,user_id) values (?,?,?,?,?,?,?,?,?)
Data before calling service: {finalTotal=100, tenantId=1, selectedServices=[{id=1, startDate=2023-01-01T00:00:00, endDate=2023-12-31, numberOfSubscriptions=1, totalPrice=100, options=[{id=1, quantity=2}]}]}
]]></system-out>
  <system-err><![CDATA[Mockito is currently self-attaching to enable the inline-mock-maker. This will no longer work in future releases of the JDK. Please add Mockito as an agent to your build what is described in Mockito's documentation: https://javadoc.io/doc/org.mockito/mockito-core/latest/org/mockito/Mockito.html#0.3
WARNING: A Java agent has been loaded dynamically (C:\Users\User\.gradle\caches\modules-2\files-2.1\net.bytebuddy\byte-buddy-agent\1.15.11\a38b16385e867f59a641330f0362ebe742788ed8\byte-buddy-agent-1.15.11.jar)
WARNING: If a serviceability tool is in use, please run with -XX:+EnableDynamicAgentLoading to hide this warning
WARNING: If a serviceability tool is not in use, please run with -Djdk.instrument.traceUsage for more information
WARNING: Dynamic loading of agents will be disallowed by default in a future release
]]></system-err>
</testsuite>
